2025-05-25 00:58:41,687 - INFO - Logging initialized at: d:\ProjectDatMin\scraper\logs\scraper_log_20250525_005841.log
2025-05-25 00:58:41,690 - INFO - CSV file created at: d:\ProjectDatMin\scraper\data\tweets_20250525_005841.csv
2025-05-25 00:58:41,690 - INFO - Starting scraping process
2025-05-25 00:58:41,691 - INFO - Searching for: vaksin
2025-05-25 00:58:41,691 - INFO - ====== WebDriver manager ======
2025-05-25 00:58:42,387 - INFO - Get LATEST chromedriver version for google-chrome
2025-05-25 00:58:50,374 - INFO - Get LATEST chromedriver version for google-chrome
2025-05-25 00:58:51,242 - INFO - Driver [C:\Users\arkan\.wdm\drivers\chromedriver\win64\137.0.7151.40\chromedriver-win32/chromedriver.exe] found in cache
2025-05-25 00:58:52,354 - INFO - WebDriver initialized successfully
2025-05-25 00:58:52,355 - INFO - Attempting to login to Twitter
2025-05-25 00:59:41,625 - ERROR - Login failed: Message: 
Stacktrace:
	GetHandleVerifier [0x0x776423+63459]
	GetHandleVerifier [0x0x776464+63524]
	(No symbol) [0x0x5a1083]
	(No symbol) [0x0x5e980e]
	(No symbol) [0x0x5e9bab]
	(No symbol) [0x0x6325a2]
	(No symbol) [0x0x60e564]
	(No symbol) [0x0x62fd9a]
	(No symbol) [0x0x60e316]
	(No symbol) [0x0x5dd640]
	(No symbol) [0x0x5de4b4]
	GetHandleVerifier [0x0x9d7f63+2560803]
	GetHandleVerifier [0x0x9d33a2+2541410]
	GetHandleVerifier [0x0x79c60a+219594]
	GetHandleVerifier [0x0x78d2b8+157304]
	GetHandleVerifier [0x0x79389d+183389]
	GetHandleVerifier [0x0x77e388+96072]
	GetHandleVerifier [0x0x77e530+96496]
	GetHandleVerifier [0x0x76925a+9754]
	BaseThreadInitThunk [0x0x7667fcc9+25]
	RtlGetAppContainerNamedObjectPath [0x0x77ae82ae+286]
	RtlGetAppContainerNamedObjectPath [0x0x77ae827e+238]

2025-05-25 00:59:41,626 - ERROR - Cannot proceed without login
2025-05-25 00:59:43,981 - WARNING - Failed to scrape keyword: vaksin
2025-05-25 00:59:43,982 - INFO - Waiting 8.4 seconds before next keyword...
