2025-05-24 13:10:08,023 - INFO - Logging initialized at: d:\ProjectDatMin\scraper\logs\scraper_log_20250524_131008.log
2025-05-24 13:10:08,023 - INFO - CSV file created at: d:\ProjectDatMin\scraper\data\tweets_20250524_131008.csv
2025-05-24 13:10:08,024 - INFO - Starting scraping process
2025-05-24 13:10:08,024 - INFO - Searching for: vaksin
2025-05-24 13:10:08,024 - INFO - ====== WebDriver manager ======
2025-05-24 13:10:08,754 - INFO - Get LATEST chromedriver version for google-chrome
2025-05-24 13:10:08,972 - INFO - Get LATEST chromedriver version for google-chrome
2025-05-24 13:10:09,118 - INFO - Driver [C:\Users\arkan\.wdm\drivers\chromedriver\win64\137.0.7151.40\chromedriver-win32/chromedriver.exe] found in cache
2025-05-24 13:10:10,325 - INFO - WebDriver initialized successfully
2025-05-24 13:10:10,325 - INFO - Attempting to login to Twitter
2025-05-24 13:10:32,257 - INFO - Successfully logged in to Twitter
2025-05-24 13:10:42,455 - INFO - Saved tweet from @jogja_base
2025-05-24 13:10:42,521 - INFO - Saved tweet from @TedInvestigasi
2025-05-24 13:10:42,580 - INFO - Saved tweet from @sharpandshark
2025-05-24 13:10:42,641 - INFO - Saved tweet from @calomagang
2025-05-24 13:10:42,700 - INFO - Saved tweet from @gwiview
2025-05-24 13:10:42,762 - INFO - Saved tweet from @unicelounge
2025-05-24 13:10:42,824 - INFO - Saved tweet from @tanyarlfes
2025-05-24 13:10:42,885 - INFO - Saved tweet from @namasayalaut
2025-05-24 13:10:47,381 - INFO - Saved tweet from @MariaAlkaff_
2025-05-24 13:10:47,446 - INFO - Saved tweet from @diananalidia
2025-05-24 13:10:47,509 - INFO - Saved tweet from @Boediantar4
2025-05-24 13:10:47,573 - INFO - Saved tweet from @NyaiNeneng
2025-05-24 13:10:47,633 - INFO - Saved tweet from @toe_giman
2025-05-24 13:10:47,695 - INFO - Saved tweet from @TurnBackHoax
2025-05-24 13:10:47,754 - INFO - Saved tweet from @PartaiSocmed
2025-05-24 13:10:51,739 - INFO - Saved tweet from @katzen_jammer
2025-05-24 13:10:51,813 - INFO - Saved tweet from @unicelounge
2025-05-24 13:10:51,876 - INFO - Saved tweet from @youdzurioust
2025-05-24 13:10:51,940 - INFO - Saved tweet from @9891ri
2025-05-24 13:10:52,011 - INFO - Saved tweet from @sweethobbi
2025-05-24 13:10:52,072 - INFO - Saved tweet from @ohoxnya2
2025-05-24 13:10:52,134 - INFO - Saved tweet from @adi062002
2025-05-24 13:10:52,205 - INFO - Saved tweet from @daddyyuki
2025-05-24 13:10:55,869 - INFO - Saved tweet from @thisisnyanfams
2025-05-24 13:10:55,952 - INFO - Saved tweet from @kochengfs
2025-05-24 13:10:56,032 - INFO - Saved tweet from @Yattie2023
2025-05-24 13:10:56,100 - INFO - Saved tweet from @DS_yantie
2025-05-24 13:10:56,171 - INFO - Saved tweet from @inganggita
2025-05-24 13:10:56,245 - INFO - Saved tweet from @blackshark7890
2025-05-24 13:10:56,318 - INFO - Saved tweet from @unicelounge
2025-05-24 13:11:01,298 - INFO - Saved tweet from @blue_berets7
2025-05-24 13:11:01,372 - INFO - Saved tweet from @BaseBDG
2025-05-24 13:11:01,445 - INFO - Saved tweet from @agnesiamgdln
2025-05-24 13:11:01,516 - INFO - Saved tweet from @TedInvestigasi
2025-05-24 13:11:01,588 - INFO - Saved tweet from @praditdita
2025-05-24 13:11:01,670 - INFO - Saved tweet from @yaniarsim
2025-05-24 13:11:01,742 - INFO - Saved tweet from @NenkMonica
2025-05-24 13:11:01,818 - INFO - Saved tweet from @SumandoGaek
2025-05-24 13:11:01,902 - INFO - Saved tweet from @amareguzel
2025-05-24 13:11:01,979 - INFO - Saved tweet from @info_libraja
2025-05-24 13:11:05,346 - INFO - Saved tweet from @Jim_Lee_77
2025-05-24 13:11:05,415 - INFO - Saved tweet from @yogi_febri93
2025-05-24 13:11:05,480 - INFO - Saved tweet from @armdwnn
2025-05-24 13:11:05,544 - INFO - Saved tweet from @OrterMald
2025-05-24 13:11:05,606 - INFO - Saved tweet from @skdeptic
2025-05-24 13:11:05,666 - INFO - Saved tweet from @FawaaZen
2025-05-24 13:11:05,731 - INFO - Saved tweet from @greyffindrr
2025-05-24 13:11:05,804 - INFO - Saved tweet from @esadhx
2025-05-24 13:11:05,865 - INFO - Saved tweet from @vyo_koo
2025-05-24 13:11:05,933 - INFO - Saved tweet from @unicelounge
2025-05-24 13:11:05,933 - INFO - Taking 30 second break after 50 requests
2025-05-24 13:11:36,000 - INFO - Saved tweet from @PartaiSocmed
2025-05-24 13:11:36,063 - INFO - Saved tweet from @PartaiSocmed
2025-05-24 13:11:36,126 - INFO - Saved tweet from @PartaiSocmed
2025-05-24 13:11:36,188 - INFO - Saved tweet from @zaidikdb
2025-05-24 13:11:36,247 - INFO - Saved tweet from @sbyfess
2025-05-24 13:11:36,345 - INFO - Saved tweet from @xobille
2025-05-24 13:11:36,407 - INFO - Saved tweet from @skuukizeu
2025-05-24 13:11:36,469 - INFO - Saved tweet from @malakaf46
2025-05-24 13:11:36,529 - INFO - Saved tweet from @nenglaela93
2025-05-24 13:11:40,034 - INFO - Saved tweet from @radarmadiunweb
2025-05-24 13:11:40,096 - INFO - Saved tweet from @PartaiSocmed
2025-05-24 13:11:40,156 - INFO - Saved tweet from @NenkMonica
2025-05-24 13:11:40,214 - INFO - Saved tweet from @gooenn
2025-05-24 13:11:40,273 - INFO - Saved tweet from @kailashmahija
2025-05-24 13:11:40,328 - INFO - Saved tweet from @tvOneNews
2025-05-24 13:11:40,385 - INFO - Saved tweet from @itsmedod_
2025-05-24 13:11:40,442 - INFO - Saved tweet from @EricStrada68660
2025-05-24 13:11:40,501 - INFO - Saved tweet from @BuletinTV3
2025-05-24 13:11:40,562 - INFO - Saved tweet from @TedInvestigasi
2025-05-24 13:11:45,004 - INFO - Saved tweet from @Nicho_Silalahi
2025-05-24 13:11:45,067 - INFO - Saved tweet from @Fathorz_sii15
2025-05-24 13:11:45,132 - INFO - Saved tweet from @anna_journeyy
2025-05-24 13:11:45,195 - INFO - Saved tweet from @firdaadilla
2025-05-24 13:11:45,253 - INFO - Saved tweet from @krezi_vaksin
2025-05-24 13:11:45,313 - INFO - Saved tweet from @yellowflovver
2025-05-24 13:11:45,372 - INFO - Saved tweet from @tempodotco
2025-05-24 13:11:45,491 - INFO - Saved tweet from @chyzy_21
2025-05-24 13:11:45,550 - INFO - Saved tweet from @itsayeeshaa
2025-05-24 13:11:45,610 - INFO - Saved tweet from @PartaiSocmed
2025-05-24 13:11:45,668 - INFO - Saved tweet from @iTwitRealShit
2025-05-24 13:11:45,730 - INFO - Saved tweet from @Pulse_twt
2025-05-24 13:11:45,792 - INFO - Saved tweet from @AirinDatangLagi
2025-05-24 13:11:45,853 - INFO - Saved tweet from @WagimanDeep212_
2025-05-24 13:11:45,913 - INFO - Saved tweet from @emaksinga
2025-05-24 13:11:45,974 - INFO - Saved tweet from @PartaiSocmed
2025-05-24 13:11:46,035 - INFO - Saved tweet from @geloraco
2025-05-24 13:11:49,367 - INFO - Saved tweet from @StopTBIndonesia
2025-05-24 13:11:49,441 - INFO - Saved tweet from @puputrossi
2025-05-24 13:11:49,513 - INFO - Saved tweet from @cacaamerica2
2025-05-24 13:11:49,585 - INFO - Saved tweet from @TedInvestigasi
2025-05-24 13:11:49,659 - INFO - Saved tweet from @yaniarsim
2025-05-24 13:11:49,733 - INFO - Saved tweet from @yaniarsim
2025-05-24 13:11:49,806 - INFO - Saved tweet from @Ary_PrasKe2
2025-05-24 13:11:49,873 - INFO - Saved tweet from @bonapasogit24
2025-05-24 13:11:49,954 - INFO - Saved tweet from @ArtaN7707
2025-05-24 13:11:53,294 - INFO - Saved tweet from @abyts_
2025-05-24 13:11:53,363 - INFO - Saved tweet from @tempodotco
2025-05-24 13:11:53,431 - INFO - Saved tweet from @BebySoSweet
2025-05-24 13:11:53,495 - INFO - Saved tweet from @PartaiSocmed
2025-05-24 13:11:53,569 - INFO - Saved tweet from @PartaiSocmed
2025-05-24 13:11:53,570 - INFO - Taking 30 second break after 50 requests
2025-05-24 13:12:23,641 - INFO - Saved tweet from @nenglaela93
2025-05-24 13:12:23,642 - INFO - Autosave checkpoint - 101 tweets collected so far
2025-05-24 13:12:23,642 - INFO - Autosave completed
2025-05-24 13:12:23,724 - INFO - Saved tweet from @blue_berets7
2025-05-24 13:12:23,789 - INFO - Saved tweet from @iniaslinndr
2025-05-24 13:12:23,854 - INFO - Saved tweet from @NenkMonica
2025-05-24 13:12:23,917 - INFO - Saved tweet from @Heraloebss
2025-05-24 13:12:27,805 - INFO - Saved tweet from @NenkMonica
2025-05-24 13:12:27,868 - INFO - Saved tweet from @Heraloebss
2025-05-24 13:12:27,929 - INFO - Saved tweet from @leleyleley
2025-05-24 13:12:27,988 - INFO - Saved tweet from @RDeear44535
2025-05-24 13:12:28,051 - INFO - Saved tweet from @noonasehat
2025-05-24 13:12:28,114 - INFO - Saved tweet from @shintaeffendi
2025-05-24 13:12:28,173 - INFO - Saved tweet from @ethadisaputra
2025-05-24 13:12:28,233 - INFO - Saved tweet from @asumsico
2025-05-24 13:12:28,293 - INFO - Saved tweet from @TheRingOfPowers
2025-05-24 13:12:31,535 - INFO - Saved tweet from @ethadisaputra
2025-05-24 13:12:31,879 - INFO - Saved tweet from @asumsico
2025-05-24 13:12:31,941 - INFO - Saved tweet from @TheRingOfPowers
2025-05-24 13:12:32,001 - INFO - Saved tweet from @ArjayaDirja
2025-05-24 13:12:32,065 - INFO - Saved tweet from @davenitions
2025-05-24 13:12:32,135 - INFO - Saved tweet from @CoffeedCat
2025-05-24 13:12:32,201 - INFO - Saved tweet from @hatebymom
2025-05-24 13:12:35,436 - INFO - Saved tweet from @ArjayaDirja
2025-05-24 13:12:35,497 - INFO - Saved tweet from @davenitions
2025-05-24 13:12:35,559 - INFO - Saved tweet from @CoffeedCat
2025-05-24 13:12:35,617 - INFO - Saved tweet from @hatebymom
2025-05-24 13:12:35,678 - INFO - Saved tweet from @prabowogibran2
2025-05-24 13:12:35,737 - INFO - Saved tweet from @TheCurut007
2025-05-24 13:12:35,796 - INFO - Saved tweet from @tempodotco
2025-05-24 13:12:35,853 - INFO - Saved tweet from @geloraco
2025-05-24 13:12:35,912 - INFO - Saved tweet from @yo2thok
2025-05-24 13:12:35,972 - INFO - Saved tweet from @shintaeffendi
2025-05-24 13:12:39,486 - INFO - Saved tweet from @TheCurut007
2025-05-24 13:12:39,548 - INFO - Saved tweet from @tempodotco
2025-05-24 13:12:39,609 - INFO - Saved tweet from @geloraco
2025-05-24 13:12:39,668 - INFO - Saved tweet from @yo2thok
2025-05-24 13:12:39,730 - INFO - Saved tweet from @shintaeffendi
2025-05-24 13:12:39,789 - INFO - Saved tweet from @wannafigh
2025-05-24 13:12:39,846 - INFO - Saved tweet from @patillele4364
2025-05-24 13:12:39,905 - INFO - Saved tweet from @tempodotco
2025-05-24 13:12:44,966 - INFO - Saved tweet from @yo2thok
2025-05-24 13:12:45,031 - INFO - Saved tweet from @shintaeffendi
2025-05-24 13:12:45,095 - INFO - Saved tweet from @wannafigh
2025-05-24 13:12:45,154 - INFO - Saved tweet from @patillele4364
2025-05-24 13:12:45,214 - INFO - Saved tweet from @tempodotco
2025-05-24 13:12:45,273 - INFO - Saved tweet from @santo52194
2025-05-24 13:12:45,340 - INFO - Saved tweet from @9891ri
2025-05-24 13:12:45,397 - INFO - Saved tweet from @wonglanang05
2025-05-24 13:12:45,457 - INFO - Saved tweet from @Vivittts
2025-05-24 13:12:45,517 - INFO - Saved tweet from @dean_z12
2025-05-24 13:12:45,577 - INFO - Saved tweet from @CNNIndonesia
2025-05-24 13:12:45,577 - INFO - Taking 30 second break after 50 requests
2025-05-24 13:13:15,645 - INFO - Saved tweet from @TedInvestigasi
2025-05-24 13:13:19,641 - INFO - Saved tweet from @santo52194
2025-05-24 13:13:19,712 - INFO - Saved tweet from @9891ri
2025-05-24 13:13:19,779 - INFO - Saved tweet from @wonglanang05
2025-05-24 13:13:19,846 - INFO - Saved tweet from @Vivittts
2025-05-24 13:13:19,913 - INFO - Saved tweet from @dean_z12
2025-05-24 13:13:19,972 - INFO - Saved tweet from @CNNIndonesia
2025-05-24 13:13:20,031 - INFO - Saved tweet from @TedInvestigasi
2025-05-24 13:13:20,097 - INFO - Saved tweet from @Anggajaya26
2025-05-24 13:13:20,171 - INFO - Saved tweet from @KKMPutrajaya
2025-05-24 13:13:20,241 - INFO - Saved tweet from @TedInvestigasi
2025-05-24 13:13:24,379 - INFO - Saved tweet from @TedInvestigasi
2025-05-24 13:13:24,444 - INFO - Saved tweet from @Anggajaya26
2025-05-24 13:13:24,506 - INFO - Saved tweet from @KKMPutrajaya
2025-05-24 13:13:24,565 - INFO - Saved tweet from @TedInvestigasi
2025-05-24 13:13:24,752 - INFO - Saved tweet from @Ary_PrasKe2
2025-05-24 13:13:24,814 - INFO - Saved tweet from @AntoniusCDN
2025-05-24 13:13:28,103 - INFO - Saved tweet from @Anggajaya26
2025-05-24 13:13:28,183 - INFO - Saved tweet from @KKMPutrajaya
2025-05-24 13:13:28,244 - INFO - Saved tweet from @TedInvestigasi
2025-05-24 13:13:28,303 - INFO - Saved tweet from @Ary_PrasKe2
2025-05-24 13:13:28,365 - INFO - Saved tweet from @AntoniusCDN
2025-05-24 13:13:28,425 - INFO - Saved tweet from @y_yttaa
2025-05-24 13:13:28,483 - INFO - Saved tweet from @yaudahgeh
2025-05-24 13:13:28,544 - INFO - Saved tweet from @PapaOyen89
2025-05-24 13:13:32,963 - INFO - Saved tweet from @KKMPutrajaya
2025-05-24 13:13:33,026 - INFO - Saved tweet from @TedInvestigasi
2025-05-24 13:13:33,086 - INFO - Saved tweet from @Ary_PrasKe2
2025-05-24 13:13:33,146 - INFO - Saved tweet from @AntoniusCDN
2025-05-24 13:13:33,204 - INFO - Saved tweet from @y_yttaa
2025-05-24 13:13:33,263 - INFO - Saved tweet from @yaudahgeh
2025-05-24 13:13:33,322 - INFO - Saved tweet from @PapaOyen89
2025-05-24 13:13:33,380 - INFO - Saved tweet from @tb_siswadi
2025-05-24 13:13:37,045 - INFO - Saved tweet from @Ary_PrasKe2
2025-05-24 13:13:37,117 - INFO - Saved tweet from @AntoniusCDN
2025-05-24 13:13:37,189 - INFO - Saved tweet from @y_yttaa
2025-05-24 13:13:37,252 - INFO - Saved tweet from @yaudahgeh
2025-05-24 13:13:37,316 - INFO - Saved tweet from @PapaOyen89
2025-05-24 13:13:37,381 - INFO - Saved tweet from @tb_siswadi
2025-05-24 13:13:37,384 - INFO - No new tweets loaded after scroll (attempt 1/5)
2025-05-24 13:13:42,345 - INFO - Saved tweet from @Ary_PrasKe2
2025-05-24 13:13:42,416 - INFO - Saved tweet from @AntoniusCDN
2025-05-24 13:13:42,482 - INFO - Saved tweet from @y_yttaa
2025-05-24 13:13:42,544 - INFO - Saved tweet from @yaudahgeh
2025-05-24 13:13:42,606 - INFO - Saved tweet from @PapaOyen89
2025-05-24 13:13:42,668 - INFO - Saved tweet from @tb_siswadi
2025-05-24 13:13:42,671 - INFO - No new tweets loaded after scroll (attempt 2/5)
2025-05-24 13:13:46,960 - INFO - Saved tweet from @Ary_PrasKe2
2025-05-24 13:13:47,032 - INFO - Saved tweet from @AntoniusCDN
2025-05-24 13:13:47,100 - INFO - Saved tweet from @y_yttaa
2025-05-24 13:13:47,164 - INFO - Saved tweet from @yaudahgeh
2025-05-24 13:13:47,228 - INFO - Saved tweet from @PapaOyen89
2025-05-24 13:13:47,228 - INFO - Taking 30 second break after 50 requests
2025-05-24 13:14:17,237 - INFO - No new tweets loaded after scroll (attempt 3/5)
2025-05-24 13:14:19,699 - INFO - Waiting 6.2 seconds before next keyword...
2025-05-24 13:14:25,915 - INFO - Scraping completed. Total tweets collected: 200
2025-05-24 13:14:25,916 - INFO - Final count: 200 tweets saved to d:\ProjectDatMin\scraper\data\tweets_20250524_131008.csv
